<?xml version="1.0" encoding="UTF-8"?>
<!-- Generated by org.testng.reporters.JUnitReportReporter -->
<testsuite hostname="DESKTOP-V89NTNP" failures="0" tests="1" name="runner.Runner" time="9.539" errors="0" timestamp="2023-05-07T14:08:43 IST" skipped="0">
  <testcase classname="runner.Runner" name="runScenario" time="9.539"/>
  <system-out/>
</testsuite> <!-- runner.Runner -->
