<?xml version="1.0" encoding="UTF-8"?>
<!-- Generated by org.testng.reporters.JUnitReportReporter -->
<testsuite hostname="DESKTOP-V89NTNP" failures="0" tests="2" name="tests.LoginTest" time="34.157" errors="0" timestamp="2023-05-07T10:48:33 IST" skipped="0">
  <testcase classname="tests.LoginTest" name="login" time="9.867"/>
  <system-out/>
  <testcase classname="tests.LoginTest" name="login" time="24.290"/>
  <system-out/>
</testsuite> <!-- tests.LoginTest -->
