<?xml version="1.0" encoding="UTF-8"?>
<!-- Generated by org.testng.reporters.JUnitReportReporter -->
<testsuite hostname="DESKTOP-V89NTNP" failures="0" tests="1" name="tests.TwoTest" time="13.871" errors="0" timestamp="2023-05-07T10:48:33 IST" skipped="0">
  <testcase classname="tests.TwoTest" name="testTwo" time="13.871"/>
  <system-out/>
</testsuite> <!-- tests.TwoTest -->
