<?xml version="1.0" encoding="UTF-8"?>
<!-- Generated by org.testng.reporters.JUnitReportReporter -->
<testsuite skipped="0" hostname="DESKTOP-V89NTNP" name="tests.TwoTest" tests="1" failures="0" timestamp="2023-05-06T15:14:58 IST" time="0.005" errors="0">
  <testcase name="testTwo" time="0.005" classname="tests.TwoTest"/>
  <system-out/>
</testsuite> <!-- tests.TwoTest -->
