<?xml version="1.0" encoding="UTF-8"?>
<!-- Generated by org.testng.reporters.JUnitReportReporter -->
<testsuite skipped="0" hostname="DESKTOP-V89NTNP" name="tests.LoginTest" tests="2" failures="0" timestamp="2023-05-06T15:14:58 IST" time="34.032" errors="0">
  <testcase name="login" time="21.129" classname="tests.LoginTest"/>
  <system-out/>
  <testcase name="login" time="12.903" classname="tests.LoginTest"/>
  <system-out/>
</testsuite> <!-- tests.LoginTest -->
