<?xml version="1.0" encoding="UTF-8"?>
<!-- Generated by org.testng.reporters.JUnitReportReporter -->
<testsuite skipped="0" hostname="DESKTOP-V89NTNP" name="tests.ThreeTest" tests="1" failures="0" timestamp="2023-05-06T15:14:58 IST" time="0.000" errors="0">
  <testcase name="testThree" time="0.000" classname="tests.ThreeTest"/>
  <system-out/>
</testsuite> <!-- tests.ThreeTest -->
